<?xml version="1.0" encoding="UTF-8"?>
<!-- Generated by org.testng.reporters.JUnitReportReporter -->
<testsuite hostname="Cristina" name="Go5.Automation.ForgotPasswordPortugueseTest" tests="3" failures="0" timestamp="11 Dec 2015 15:02:00 GMT" time="12.169" errors="0">
  <testcase name="openForgotPasswordPage" time="7.668" classname="Go5.Automation.ForgotPasswordPortugueseTest"/>
  <testcase name="insertInvalidEmail" time="2.544" classname="Go5.Automation.ForgotPasswordPortugueseTest"/>
  <testcase name="insertEmailToResendPassword" time="1.957" classname="Go5.Automation.ForgotPasswordPortugueseTest"/>
</testsuite> <!-- Go5.Automation.ForgotPasswordPortugueseTest -->
