<?xml version="1.0" encoding="UTF-8"?>
<!-- Generated by org.testng.reporters.JUnitReportReporter -->
<testsuite hostname="Cristina" name="go5.automation.configuration.ConfigurationTest" tests="1" failures="0" timestamp="22 Jan 2016 18:30:41 GMT" time="4.400" errors="0">
  <testcase name="editConfig" time="4.400" classname="go5.automation.configuration.ConfigurationTest"/>
</testsuite> <!-- go5.automation.configuration.ConfigurationTest -->
