<?xml version="1.0" encoding="UTF-8"?>
<!-- Generated by org.testng.reporters.JUnitReportReporter -->
<testsuite hostname="Cristina" name="go5.automation.espacios.CrearEspacioEmpresaTest" tests="1" failures="0" timestamp="15 Apr 2016 15:37:56 GMT" time="0.000" errors="1">
  <testcase name="crearEspacio" time="0.000" classname="go5.automation.espacios.CrearEspacioEmpresaTest">
    <error type="org.openqa.selenium.WebDriverException" message="Failed to connect to binary FirefoxBinary(C:\Program Files (x86)\Mozilla Firefox\firefox.exe) on port 7055; process output follows: 
}
1460734631759	addons.xpi	DEBUG	getModTime: Recursive scan of {82AF8DCA-6DE9-405D-BD5E-43525BDAD38A}
1460734631759	addons.xpi	DEBUG	Updating XPIState for {&quot;id&quot;:&quot;{972ce4c6-7e08-4474-a285-3208198ce6fd}&quot;,&quot;syncGUID&quot;:&quot;EWlL_nZ--GxX&quot;,&quot;location&quot;:&quot;app-global&quot;,&quot;version&quot;:&quot;45.0.2&quot;,&quot;type&quot;:&quot;theme&quot;,&quot;internalName&quot;:&quot;classic/1.0&quot;,&quot;updateURL&quot;:null,&quot;updateKey&quot;:null,&quot;optionsURL&quot;:null,&quot;optionsType&quot;:null,&quot;aboutURL&quot;:null,&quot;icons&quot;:{&quot;32&quot;:&quot;icon.png&quot;,&quot;48&quot;:&quot;icon.png&quot;},&quot;iconURL&quot;:null,&quot;icon64URL&quot;:null,&quot;defaultLocale&quot;:{&quot;name&quot;:&quot;Default&quot;,&quot;description&quot;:&quot;The default theme.&quot;,&quot;creator&quot;:&quot;Mozilla&quot;,&quot;homepageURL&quot;:null,&quot;contributors&quot;:[&quot;Mozilla Contributors&quot;]},&quot;visible&quot;:true,&quot;active&quot;:true,&quot;userDisabled&quot;:false,&quot;appDisabled&quot;:false,&quot;descriptor&quot;:&quot;C:\\Program Files (x86)\\Mozilla Firefox\\browser\\extensions\\{972ce4c6-7e08-4474-a285-3208198ce6fd}.xpi&quot;,&quot;installDate&quot;:1460734566296,&quot;updateDate&quot;:1460734566296,&quot;applyBackgroundUpdates&quot;:1,&quot;skinnable&quot;:true,&quot;size&quot;:22012,&quot;sourceURI&quot;:null,&quot;releaseNotesURI&quot;:null,&quot;softDisabled&quot;:false,&quot;foreignInstall&quot;:false,&quot;hasBinaryComponents&quot;:false,&quot;strictCompatibility&quot;:true,&quot;locales&quot;:[],&quot;targetApplications&quot;:[{&quot;id&quot;:&quot;{ec8030f7-c20a-464f-9b0e-13a3a9e97384}&quot;,&quot;minVersion&quot;:&quot;45.0.2&quot;,&quot;maxVersion&quot;:&quot;45.0.2&quot;}],&quot;targetPlatforms&quot;:[],&quot;seen&quot;:true}
1460734631760	addons.xpi	DEBUG	getModTime: Recursive scan of {972ce4c6-7e08-4474-a285-3208198ce6fd}
1460734631761	DeferredSave.extensions.json	DEBUG	Save changes
1460734631761	addons.xpi	DEBUG	Updating database with changes to installed add-ons
1460734631761	addons.xpi-utils	DEBUG	Updating add-on states
1460734631762	addons.xpi-utils	DEBUG	Writing add-ons list
1460734631768	addons.xpi	DEBUG	Registering manifest for C:\Program Files (x86)\Mozilla Firefox\browser\features\loop@mozilla.org.xpi
1460734631770	addons.xpi	DEBUG	Calling bootstrap method startup on loop@mozilla.org version 1.1.14
1460734631788	addons.manager	DEBUG	Starting provider: &lt;unnamed-provider&gt;
1460734631789	addons.manager	DEBUG	Registering shutdown blocker for &lt;unnamed-provider&gt;
1460734631789	addons.manager	DEBUG	Provider finished startup: &lt;unnamed-provider&gt;
1460734631805	addons.xpi	DEBUG	Registering manifest for C:\Program Files (x86)\Mozilla Firefox\browser\extensions\{82AF8DCA-6DE9-405D-BD5E-43525BDAD38A}.xpi
1460734631805	addons.xpi	DEBUG	Calling bootstrap method startup on {82AF8DCA-6DE9-405D-BD5E-43525BDAD38A} version 8.0.0.9103
1460734631879	addons.manager	DEBUG	Registering shutdown blocker for XPIProvider
1460734631879	addons.manager	DEBUG	Provider finished startup: XPIProvider
1460734631879	addons.manager	DEBUG	Starting provider: LightweightThemeManager
1460734631879	addons.manager	DEBUG	Registering shutdown blocker for LightweightThemeManager
1460734631880	addons.manager	DEBUG	Provider finished startup: LightweightThemeManager
1460734631880	addons.manager	DEBUG	Starting provider: GMPProvider
1460734631889	addons.manager	DEBUG	Registering shutdown blocker for GMPProvider
1460734631889	addons.manager	DEBUG	Provider finished startup: GMPProvider
1460734631889	addons.manager	DEBUG	Starting provider: PluginProvider
1460734631889	addons.manager	DEBUG	Registering shutdown blocker for PluginProvider
1460734631890	addons.manager	DEBUG	Provider finished startup: PluginProvider
1460734631890	addons.manager	DEBUG	Completed startup sequence
1460734633745	DeferredSave.extensions.json	DEBUG	Starting write
1460734634149	addons.repository	DEBUG	No addons.json found.
1460734634150	DeferredSave.addons.json	DEBUG	Save changes
1460734634153	DeferredSave.addons.json	DEBUG	Starting timer
1460734634356	addons.manager	DEBUG	Starting provider: PreviousExperimentProvider
1460734634356	addons.manager	DEBUG	Registering shutdown blocker for PreviousExperimentProvider
1460734634357	addons.manager	DEBUG	Provider finished startup: PreviousExperimentProvider
1460734634361	DeferredSave.extensions.json	DEBUG	Write succeeded
1460734634361	addons.xpi-utils	DEBUG	XPI Database saved, setting schema version preference to 17
1460734634362	DeferredSave.addons.json	DEBUG	Starting write
1460734634552	DeferredSave.addons.json	DEBUG	Write succeeded

Build info: version: &#039;2.48.2&#039;, revision: &#039;41bccdd10cf2c0560f637404c2d96164b67d9d67&#039;, time: &#039;2015-10-09 13:08:06&#039;
System info: host: &#039;Cristina&#039;, ip: &#039;192.168.0.15&#039;, os.name: &#039;Windows 10&#039;, os.arch: &#039;amd64&#039;, os.version: &#039;10.0&#039;, java.version: &#039;1.8.0_60&#039;
Driver info: driver.version: FirefoxDriver">
      <![CDATA[org.openqa.selenium.WebDriverException: Failed to connect to binary FirefoxBinary(C:\Program Files (x86)\Mozilla Firefox\firefox.exe) on port 7055; process output follows: 
}
1460734631759	addons.xpi	DEBUG	getModTime: Recursive scan of {82AF8DCA-6DE9-405D-BD5E-43525BDAD38A}
1460734631759	addons.xpi	DEBUG	Updating XPIState for {"id":"{972ce4c6-7e08-4474-a285-3208198ce6fd}","syncGUID":"EWlL_nZ--GxX","location":"app-global","version":"45.0.2","type":"theme","internalName":"classic/1.0","updateURL":null,"updateKey":null,"optionsURL":null,"optionsType":null,"aboutURL":null,"icons":{"32":"icon.png","48":"icon.png"},"iconURL":null,"icon64URL":null,"defaultLocale":{"name":"Default","description":"The default theme.","creator":"Mozilla","homepageURL":null,"contributors":["Mozilla Contributors"]},"visible":true,"active":true,"userDisabled":false,"appDisabled":false,"descriptor":"C:\\Program Files (x86)\\Mozilla Firefox\\browser\\extensions\\{972ce4c6-7e08-4474-a285-3208198ce6fd}.xpi","installDate":1460734566296,"updateDate":1460734566296,"applyBackgroundUpdates":1,"skinnable":true,"size":22012,"sourceURI":null,"releaseNotesURI":null,"softDisabled":false,"foreignInstall":false,"hasBinaryComponents":false,"strictCompatibility":true,"locales":[],"targetApplications":[{"id":"{ec8030f7-c20a-464f-9b0e-13a3a9e97384}","minVersion":"45.0.2","maxVersion":"45.0.2"}],"targetPlatforms":[],"seen":true}
1460734631760	addons.xpi	DEBUG	getModTime: Recursive scan of {972ce4c6-7e08-4474-a285-3208198ce6fd}
1460734631761	DeferredSave.extensions.json	DEBUG	Save changes
1460734631761	addons.xpi	DEBUG	Updating database with changes to installed add-ons
1460734631761	addons.xpi-utils	DEBUG	Updating add-on states
1460734631762	addons.xpi-utils	DEBUG	Writing add-ons list
1460734631768	addons.xpi	DEBUG	Registering manifest for C:\Program Files (x86)\Mozilla Firefox\browser\features\loop@mozilla.org.xpi
1460734631770	addons.xpi	DEBUG	Calling bootstrap method startup on loop@mozilla.org version 1.1.14
1460734631788	addons.manager	DEBUG	Starting provider: <unnamed-provider>
1460734631789	addons.manager	DEBUG	Registering shutdown blocker for <unnamed-provider>
1460734631789	addons.manager	DEBUG	Provider finished startup: <unnamed-provider>
1460734631805	addons.xpi	DEBUG	Registering manifest for C:\Program Files (x86)\Mozilla Firefox\browser\extensions\{82AF8DCA-6DE9-405D-BD5E-43525BDAD38A}.xpi
1460734631805	addons.xpi	DEBUG	Calling bootstrap method startup on {82AF8DCA-6DE9-405D-BD5E-43525BDAD38A} version 8.0.0.9103
1460734631879	addons.manager	DEBUG	Registering shutdown blocker for XPIProvider
1460734631879	addons.manager	DEBUG	Provider finished startup: XPIProvider
1460734631879	addons.manager	DEBUG	Starting provider: LightweightThemeManager
1460734631879	addons.manager	DEBUG	Registering shutdown blocker for LightweightThemeManager
1460734631880	addons.manager	DEBUG	Provider finished startup: LightweightThemeManager
1460734631880	addons.manager	DEBUG	Starting provider: GMPProvider
1460734631889	addons.manager	DEBUG	Registering shutdown blocker for GMPProvider
1460734631889	addons.manager	DEBUG	Provider finished startup: GMPProvider
1460734631889	addons.manager	DEBUG	Starting provider: PluginProvider
1460734631889	addons.manager	DEBUG	Registering shutdown blocker for PluginProvider
1460734631890	addons.manager	DEBUG	Provider finished startup: PluginProvider
1460734631890	addons.manager	DEBUG	Completed startup sequence
1460734633745	DeferredSave.extensions.json	DEBUG	Starting write
1460734634149	addons.repository	DEBUG	No addons.json found.
1460734634150	DeferredSave.addons.json	DEBUG	Save changes
1460734634153	DeferredSave.addons.json	DEBUG	Starting timer
1460734634356	addons.manager	DEBUG	Starting provider: PreviousExperimentProvider
1460734634356	addons.manager	DEBUG	Registering shutdown blocker for PreviousExperimentProvider
1460734634357	addons.manager	DEBUG	Provider finished startup: PreviousExperimentProvider
1460734634361	DeferredSave.extensions.json	DEBUG	Write succeeded
1460734634361	addons.xpi-utils	DEBUG	XPI Database saved, setting schema version preference to 17
1460734634362	DeferredSave.addons.json	DEBUG	Starting write
1460734634552	DeferredSave.addons.json	DEBUG	Write succeeded

Build info: version: '2.48.2', revision: '41bccdd10cf2c0560f637404c2d96164b67d9d67', time: '2015-10-09 13:08:06'
System info: host: 'Cristina', ip: '192.168.0.15', os.name: 'Windows 10', os.arch: 'amd64', os.version: '10.0', java.version: '1.8.0_60'
Driver info: driver.version: FirefoxDriver
	at org.openqa.selenium.firefox.internal.NewProfileExtensionConnection.start(NewProfileExtensionConnection.java:135)
	at org.openqa.selenium.firefox.FirefoxDriver.startClient(FirefoxDriver.java:271)
	at org.openqa.selenium.remote.RemoteWebDriver.<init>(RemoteWebDriver.java:117)
	at org.openqa.selenium.firefox.FirefoxDriver.<init>(FirefoxDriver.java:216)
	at org.openqa.selenium.firefox.FirefoxDriver.<init>(FirefoxDriver.java:211)
	at org.openqa.selenium.firefox.FirefoxDriver.<init>(FirefoxDriver.java:207)
	at org.openqa.selenium.firefox.FirefoxDriver.<init>(FirefoxDriver.java:120)
	at go5.automation.TestSuite.setUpMaven(TestSuite.java:81)
	at go5.automation.espacios.CrearEspacioEmpresaTest.setup(CrearEspacioEmpresaTest.java:22)
	at sun.reflect.NativeMethodAccessorImpl.invoke0(Native Method)
	at sun.reflect.NativeMethodAccessorImpl.invoke(NativeMethodAccessorImpl.java:62)
	at sun.reflect.DelegatingMethodAccessorImpl.invoke(DelegatingMethodAccessorImpl.java:43)
	at java.lang.reflect.Method.invoke(Method.java:497)
	at org.testng.internal.MethodInvocationHelper.invokeMethod(MethodInvocationHelper.java:85)
	at org.testng.internal.Invoker.invokeConfigurationMethod(Invoker.java:510)
	at org.testng.internal.Invoker.invokeConfigurations(Invoker.java:211)
	at org.testng.internal.Invoker.invokeConfigurations(Invoker.java:138)
	at org.testng.internal.TestMethodWorker.invokeBeforeClassMethods(TestMethodWorker.java:170)
	at org.testng.internal.TestMethodWorker.run(TestMethodWorker.java:104)
	at org.testng.TestRunner.privateRun(TestRunner.java:774)
	at org.testng.TestRunner.run(TestRunner.java:624)
	at org.testng.SuiteRunner.runTest(SuiteRunner.java:359)
	at org.testng.SuiteRunner.runSequentially(SuiteRunner.java:354)
	at org.testng.SuiteRunner.privateRun(SuiteRunner.java:312)
	at org.testng.SuiteRunner.run(SuiteRunner.java:261)
	at org.testng.SuiteRunnerWorker.runSuite(SuiteRunnerWorker.java:52)
	at org.testng.SuiteRunnerWorker.run(SuiteRunnerWorker.java:86)
	at org.testng.TestNG.runSuitesSequentially(TestNG.java:1215)
	at org.testng.TestNG.runSuitesLocally(TestNG.java:1140)
	at org.testng.TestNG.run(TestNG.java:1048)
	at org.testng.remote.RemoteTestNG.run(RemoteTestNG.java:112)
	at org.testng.remote.RemoteTestNG.initAndRun(RemoteTestNG.java:205)
	at org.testng.remote.RemoteTestNG.main(RemoteTestNG.java:176)
Caused by: org.openqa.selenium.firefox.NotConnectedException: Unable to connect to host 127.0.0.1 on port 7055 after 45000 ms. Firefox console output:
}
1460734631759	addons.xpi	DEBUG	getModTime: Recursive scan of {82AF8DCA-6DE9-405D-BD5E-43525BDAD38A}
1460734631759	addons.xpi	DEBUG	Updating XPIState for {"id":"{972ce4c6-7e08-4474-a285-3208198ce6fd}","syncGUID":"EWlL_nZ--GxX","location":"app-global","version":"45.0.2","type":"theme","internalName":"classic/1.0","updateURL":null,"updateKey":null,"optionsURL":null,"optionsType":null,"aboutURL":null,"icons":{"32":"icon.png","48":"icon.png"},"iconURL":null,"icon64URL":null,"defaultLocale":{"name":"Default","description":"The default theme.","creator":"Mozilla","homepageURL":null,"contributors":["Mozilla Contributors"]},"visible":true,"active":true,"userDisabled":false,"appDisabled":false,"descriptor":"C:\\Program Files (x86)\\Mozilla Firefox\\browser\\extensions\\{972ce4c6-7e08-4474-a285-3208198ce6fd}.xpi","installDate":1460734566296,"updateDate":1460734566296,"applyBackgroundUpdates":1,"skinnable":true,"size":22012,"sourceURI":null,"releaseNotesURI":null,"softDisabled":false,"foreignInstall":false,"hasBinaryComponents":false,"strictCompatibility":true,"locales":[],"targetApplications":[{"id":"{ec8030f7-c20a-464f-9b0e-13a3a9e97384}","minVersion":"45.0.2","maxVersion":"45.0.2"}],"targetPlatforms":[],"seen":true}
1460734631760	addons.xpi	DEBUG	getModTime: Recursive scan of {972ce4c6-7e08-4474-a285-3208198ce6fd}
1460734631761	DeferredSave.extensions.json	DEBUG	Save changes
1460734631761	addons.xpi	DEBUG	Updating database with changes to installed add-ons
1460734631761	addons.xpi-utils	DEBUG	Updating add-on states
1460734631762	addons.xpi-utils	DEBUG	Writing add-ons list
1460734631768	addons.xpi	DEBUG	Registering manifest for C:\Program Files (x86)\Mozilla Firefox\browser\features\loop@mozilla.org.xpi
1460734631770	addons.xpi	DEBUG	Calling bootstrap method startup on loop@mozilla.org version 1.1.14
1460734631788	addons.manager	DEBUG	Starting provider: <unnamed-provider>
1460734631789	addons.manager	DEBUG	Registering shutdown blocker for <unnamed-provider>
1460734631789	addons.manager	DEBUG	Provider finished startup: <unnamed-provider>
1460734631805	addons.xpi	DEBUG	Registering manifest for C:\Program Files (x86)\Mozilla Firefox\browser\extensions\{82AF8DCA-6DE9-405D-BD5E-43525BDAD38A}.xpi
1460734631805	addons.xpi	DEBUG	Calling bootstrap method startup on {82AF8DCA-6DE9-405D-BD5E-43525BDAD38A} version 8.0.0.9103
1460734631879	addons.manager	DEBUG	Registering shutdown blocker for XPIProvider
1460734631879	addons.manager	DEBUG	Provider finished startup: XPIProvider
1460734631879	addons.manager	DEBUG	Starting provider: LightweightThemeManager
1460734631879	addons.manager	DEBUG	Registering shutdown blocker for LightweightThemeManager
1460734631880	addons.manager	DEBUG	Provider finished startup: LightweightThemeManager
1460734631880	addons.manager	DEBUG	Starting provider: GMPProvider
1460734631889	addons.manager	DEBUG	Registering shutdown blocker for GMPProvider
1460734631889	addons.manager	DEBUG	Provider finished startup: GMPProvider
1460734631889	addons.manager	DEBUG	Starting provider: PluginProvider
1460734631889	addons.manager	DEBUG	Registering shutdown blocker for PluginProvider
1460734631890	addons.manager	DEBUG	Provider finished startup: PluginProvider
1460734631890	addons.manager	DEBUG	Completed startup sequence
1460734633745	DeferredSave.extensions.json	DEBUG	Starting write
1460734634149	addons.repository	DEBUG	No addons.json found.
1460734634150	DeferredSave.addons.json	DEBUG	Save changes
1460734634153	DeferredSave.addons.json	DEBUG	Starting timer
1460734634356	addons.manager	DEBUG	Starting provider: PreviousExperimentProvider
1460734634356	addons.manager	DEBUG	Registering shutdown blocker for PreviousExperimentProvider
1460734634357	addons.manager	DEBUG	Provider finished startup: PreviousExperimentProvider
1460734634361	DeferredSave.extensions.json	DEBUG	Write succeeded
1460734634361	addons.xpi-utils	DEBUG	XPI Database saved, setting schema version preference to 17
1460734634362	DeferredSave.addons.json	DEBUG	Starting write
1460734634552	DeferredSave.addons.json	DEBUG	Write succeeded

	at org.openqa.selenium.firefox.internal.NewProfileExtensionConnection.start(NewProfileExtensionConnection.java:123)
	... 32 more
]]>
    </error>
  </testcase> <!-- crearEspacio -->
</testsuite> <!-- go5.automation.espacios.CrearEspacioEmpresaTest -->
