<?xml version="1.0" encoding="UTF-8"?>
<!-- Generated by org.testng.reporters.JUnitReportReporter -->
<testsuite hostname="Cristina" name="Go5.Automation.CopyOfHomeTest" tests="2" failures="0" timestamp="12 Dec 2015 17:03:24 GMT" time="6.671" errors="0">
  <testcase name="validateElementsAtHomePage" time="0.053" classname="Go5.Automation.CopyOfHomeTest"/>
  <testcase name="EnterTheHomePage" time="6.618" classname="Go5.Automation.CopyOfHomeTest"/>
</testsuite> <!-- Go5.Automation.CopyOfHomeTest -->
