<?xml version="1.0" encoding="UTF-8"?>
<!-- Generated by org.testng.reporters.JUnitReportReporter -->
<testsuite hostname="Cristina" name="go5.automation.espacios.ListadoEspaciosBS$CrearEspacioBS" tests="1" failures="0" timestamp="15 Apr 2016 18:41:35 GMT" time="26.032" errors="0">
  <testcase name="crearEspacio" time="26.032" classname="go5.automation.espacios.ListadoEspaciosBS$CrearEspacioBS"/>
</testsuite> <!-- go5.automation.espacios.ListadoEspaciosBS$CrearEspacioBS -->
