<?xml version="1.0" encoding="UTF-8"?>
<!-- Generated by org.testng.reporters.JUnitReportReporter -->
<testsuite hostname="Cristina" name="go5.automation.social.MuroSocialAC" tests="1" failures="0" timestamp="18 May 2016 18:05:34 GMT" time="0.002" errors="1">
  <testcase name="postearTexto" time="0.002" classname="go5.automation.social.MuroSocialAC">
    <error type="org.openqa.selenium.WebDriverException" message="Failed to connect to binary FirefoxBinary(C:\Program Files (x86)\Mozilla Firefox\firefox.exe) on port 7055; process output follows: 
ibutors&quot;]},&quot;visible&quot;:true,&quot;active&quot;:true,&quot;userDisabled&quot;:false,&quot;appDisabled&quot;:false,&quot;descriptor&quot;:&quot;C:\\Program Files (x86)\\Mozilla Firefox\\browser\\extensions\\{972ce4c6-7e08-4474-a285-3208198ce6fd}.xpi&quot;,&quot;installDate&quot;:1463514775232,&quot;updateDate&quot;:1463514775232,&quot;applyBackgroundUpdates&quot;:1,&quot;skinnable&quot;:true,&quot;size&quot;:22012,&quot;sourceURI&quot;:null,&quot;releaseNotesURI&quot;:null,&quot;softDisabled&quot;:false,&quot;foreignInstall&quot;:false,&quot;hasBinaryComponents&quot;:false,&quot;strictCompatibility&quot;:true,&quot;locales&quot;:[],&quot;targetApplications&quot;:[{&quot;id&quot;:&quot;{ec8030f7-c20a-464f-9b0e-13a3a9e97384}&quot;,&quot;minVersion&quot;:&quot;46.0.1&quot;,&quot;maxVersion&quot;:&quot;46.0.1&quot;}],&quot;targetPlatforms&quot;:[],&quot;seen&quot;:true}
1463594689198	addons.xpi	DEBUG	getModTime: Recursive scan of {972ce4c6-7e08-4474-a285-3208198ce6fd}
1463594689199	DeferredSave.extensions.json	DEBUG	Save changes
1463594689199	addons.xpi	DEBUG	Updating database with changes to installed add-ons
1463594689200	addons.xpi-utils	DEBUG	Updating add-on states
1463594689201	addons.xpi-utils	DEBUG	Writing add-ons list
1463594689207	addons.xpi	DEBUG	Registering manifest for C:\Program Files (x86)\Mozilla Firefox\browser\features\e10srollout@mozilla.org.xpi
1463594689208	addons.xpi	DEBUG	Calling bootstrap method startup on e10srollout@mozilla.org version 1.0
1463594689208	addons.xpi	DEBUG	Registering manifest for C:\Program Files (x86)\Mozilla Firefox\browser\features\firefox@getpocket.com.xpi
1463594689209	addons.xpi	DEBUG	Calling bootstrap method startup on firefox@getpocket.com version 1.0
1463594689211	addons.xpi	DEBUG	Registering manifest for C:\Program Files (x86)\Mozilla Firefox\browser\features\loop@mozilla.org.xpi
1463594689212	addons.xpi	DEBUG	Calling bootstrap method startup on loop@mozilla.org version 1.2.6
1463594689239	addons.xpi	DEBUG	Registering manifest for C:\Program Files (x86)\Mozilla Firefox\browser\extensions\{82AF8DCA-6DE9-405D-BD5E-43525BDAD38A}.xpi
1463594689240	addons.xpi	DEBUG	Calling bootstrap method startup on {82AF8DCA-6DE9-405D-BD5E-43525BDAD38A} version 8.1.0.9134
1463594689244	addons.manager	DEBUG	Registering shutdown blocker for XPIProvider
1463594689244	addons.manager	DEBUG	Provider finished startup: XPIProvider
1463594689244	addons.manager	DEBUG	Starting provider: LightweightThemeManager
1463594689245	addons.manager	DEBUG	Registering shutdown blocker for LightweightThemeManager
1463594689245	addons.manager	DEBUG	Provider finished startup: LightweightThemeManager
1463594689245	addons.manager	DEBUG	Starting provider: GMPProvider
1463594689254	addons.manager	DEBUG	Registering shutdown blocker for GMPProvider
1463594689254	addons.manager	DEBUG	Provider finished startup: GMPProvider
1463594689254	addons.manager	DEBUG	Starting provider: PluginProvider
1463594689254	addons.manager	DEBUG	Registering shutdown blocker for PluginProvider
1463594689255	addons.manager	DEBUG	Provider finished startup: PluginProvider
1463594689255	addons.manager	DEBUG	Completed startup sequence
1463594691349	addons.manager	DEBUG	Starting provider: &lt;unnamed-provider&gt;
1463594691349	addons.manager	DEBUG	Registering shutdown blocker for &lt;unnamed-provider&gt;
1463594691350	addons.manager	DEBUG	Provider finished startup: &lt;unnamed-provider&gt;
1463594691978	DeferredSave.extensions.json	DEBUG	Write succeeded
1463594691978	addons.xpi-utils	DEBUG	XPI Database saved, setting schema version preference to 17
1463594691978	DeferredSave.extensions.json	DEBUG	Starting timer
1463594692008	DeferredSave.extensions.json	DEBUG	Starting write
1463594692035	addons.repository	DEBUG	No addons.json found.
1463594692035	DeferredSave.addons.json	DEBUG	Save changes
1463594692039	DeferredSave.addons.json	DEBUG	Starting timer
1463594692092	addons.manager	DEBUG	Starting provider: PreviousExperimentProvider
1463594692092	addons.manager	DEBUG	Registering shutdown blocker for PreviousExperimentProvider
1463594692092	addons.manager	DEBUG	Provider finished startup: PreviousExperimentProvider
1463594692101	DeferredSave.addons.json	DEBUG	Starting write
1463594692122	DeferredSave.extensions.json	DEBUG	Write succeeded
1463594692193	DeferredSave.addons.json	DEBUG	Write succeeded

Build info: version: &#039;2.48.2&#039;, revision: &#039;41bccdd10cf2c0560f637404c2d96164b67d9d67&#039;, time: &#039;2015-10-09 13:08:06&#039;
System info: host: &#039;Cristina&#039;, ip: &#039;192.168.50.29&#039;, os.name: &#039;Windows 10&#039;, os.arch: &#039;amd64&#039;, os.version: &#039;10.0&#039;, java.version: &#039;1.8.0_60&#039;
Driver info: driver.version: FirefoxDriver">
      <![CDATA[org.openqa.selenium.WebDriverException: Failed to connect to binary FirefoxBinary(C:\Program Files (x86)\Mozilla Firefox\firefox.exe) on port 7055; process output follows: 
ibutors"]},"visible":true,"active":true,"userDisabled":false,"appDisabled":false,"descriptor":"C:\\Program Files (x86)\\Mozilla Firefox\\browser\\extensions\\{972ce4c6-7e08-4474-a285-3208198ce6fd}.xpi","installDate":1463514775232,"updateDate":1463514775232,"applyBackgroundUpdates":1,"skinnable":true,"size":22012,"sourceURI":null,"releaseNotesURI":null,"softDisabled":false,"foreignInstall":false,"hasBinaryComponents":false,"strictCompatibility":true,"locales":[],"targetApplications":[{"id":"{ec8030f7-c20a-464f-9b0e-13a3a9e97384}","minVersion":"46.0.1","maxVersion":"46.0.1"}],"targetPlatforms":[],"seen":true}
1463594689198	addons.xpi	DEBUG	getModTime: Recursive scan of {972ce4c6-7e08-4474-a285-3208198ce6fd}
1463594689199	DeferredSave.extensions.json	DEBUG	Save changes
1463594689199	addons.xpi	DEBUG	Updating database with changes to installed add-ons
1463594689200	addons.xpi-utils	DEBUG	Updating add-on states
1463594689201	addons.xpi-utils	DEBUG	Writing add-ons list
1463594689207	addons.xpi	DEBUG	Registering manifest for C:\Program Files (x86)\Mozilla Firefox\browser\features\e10srollout@mozilla.org.xpi
1463594689208	addons.xpi	DEBUG	Calling bootstrap method startup on e10srollout@mozilla.org version 1.0
1463594689208	addons.xpi	DEBUG	Registering manifest for C:\Program Files (x86)\Mozilla Firefox\browser\features\firefox@getpocket.com.xpi
1463594689209	addons.xpi	DEBUG	Calling bootstrap method startup on firefox@getpocket.com version 1.0
1463594689211	addons.xpi	DEBUG	Registering manifest for C:\Program Files (x86)\Mozilla Firefox\browser\features\loop@mozilla.org.xpi
1463594689212	addons.xpi	DEBUG	Calling bootstrap method startup on loop@mozilla.org version 1.2.6
1463594689239	addons.xpi	DEBUG	Registering manifest for C:\Program Files (x86)\Mozilla Firefox\browser\extensions\{82AF8DCA-6DE9-405D-BD5E-43525BDAD38A}.xpi
1463594689240	addons.xpi	DEBUG	Calling bootstrap method startup on {82AF8DCA-6DE9-405D-BD5E-43525BDAD38A} version 8.1.0.9134
1463594689244	addons.manager	DEBUG	Registering shutdown blocker for XPIProvider
1463594689244	addons.manager	DEBUG	Provider finished startup: XPIProvider
1463594689244	addons.manager	DEBUG	Starting provider: LightweightThemeManager
1463594689245	addons.manager	DEBUG	Registering shutdown blocker for LightweightThemeManager
1463594689245	addons.manager	DEBUG	Provider finished startup: LightweightThemeManager
1463594689245	addons.manager	DEBUG	Starting provider: GMPProvider
1463594689254	addons.manager	DEBUG	Registering shutdown blocker for GMPProvider
1463594689254	addons.manager	DEBUG	Provider finished startup: GMPProvider
1463594689254	addons.manager	DEBUG	Starting provider: PluginProvider
1463594689254	addons.manager	DEBUG	Registering shutdown blocker for PluginProvider
1463594689255	addons.manager	DEBUG	Provider finished startup: PluginProvider
1463594689255	addons.manager	DEBUG	Completed startup sequence
1463594691349	addons.manager	DEBUG	Starting provider: <unnamed-provider>
1463594691349	addons.manager	DEBUG	Registering shutdown blocker for <unnamed-provider>
1463594691350	addons.manager	DEBUG	Provider finished startup: <unnamed-provider>
1463594691978	DeferredSave.extensions.json	DEBUG	Write succeeded
1463594691978	addons.xpi-utils	DEBUG	XPI Database saved, setting schema version preference to 17
1463594691978	DeferredSave.extensions.json	DEBUG	Starting timer
1463594692008	DeferredSave.extensions.json	DEBUG	Starting write
1463594692035	addons.repository	DEBUG	No addons.json found.
1463594692035	DeferredSave.addons.json	DEBUG	Save changes
1463594692039	DeferredSave.addons.json	DEBUG	Starting timer
1463594692092	addons.manager	DEBUG	Starting provider: PreviousExperimentProvider
1463594692092	addons.manager	DEBUG	Registering shutdown blocker for PreviousExperimentProvider
1463594692092	addons.manager	DEBUG	Provider finished startup: PreviousExperimentProvider
1463594692101	DeferredSave.addons.json	DEBUG	Starting write
1463594692122	DeferredSave.extensions.json	DEBUG	Write succeeded
1463594692193	DeferredSave.addons.json	DEBUG	Write succeeded

Build info: version: '2.48.2', revision: '41bccdd10cf2c0560f637404c2d96164b67d9d67', time: '2015-10-09 13:08:06'
System info: host: 'Cristina', ip: '192.168.50.29', os.name: 'Windows 10', os.arch: 'amd64', os.version: '10.0', java.version: '1.8.0_60'
Driver info: driver.version: FirefoxDriver
	at org.openqa.selenium.firefox.internal.NewProfileExtensionConnection.start(NewProfileExtensionConnection.java:135)
	at org.openqa.selenium.firefox.FirefoxDriver.startClient(FirefoxDriver.java:271)
	at org.openqa.selenium.remote.RemoteWebDriver.<init>(RemoteWebDriver.java:117)
	at org.openqa.selenium.firefox.FirefoxDriver.<init>(FirefoxDriver.java:216)
	at org.openqa.selenium.firefox.FirefoxDriver.<init>(FirefoxDriver.java:211)
	at org.openqa.selenium.firefox.FirefoxDriver.<init>(FirefoxDriver.java:207)
	at org.openqa.selenium.firefox.FirefoxDriver.<init>(FirefoxDriver.java:120)
	at go5.automation.TestSuite.setUpMaven(TestSuite.java:89)
	at go5.automation.social.MuroSocialAC.setup(MuroSocialAC.java:28)
	at sun.reflect.NativeMethodAccessorImpl.invoke0(Native Method)
	at sun.reflect.NativeMethodAccessorImpl.invoke(NativeMethodAccessorImpl.java:62)
	at sun.reflect.DelegatingMethodAccessorImpl.invoke(DelegatingMethodAccessorImpl.java:43)
	at java.lang.reflect.Method.invoke(Method.java:497)
	at org.testng.internal.MethodInvocationHelper.invokeMethod(MethodInvocationHelper.java:85)
	at org.testng.internal.Invoker.invokeConfigurationMethod(Invoker.java:510)
	at org.testng.internal.Invoker.invokeConfigurations(Invoker.java:211)
	at org.testng.internal.Invoker.invokeConfigurations(Invoker.java:138)
	at org.testng.internal.TestMethodWorker.invokeBeforeClassMethods(TestMethodWorker.java:170)
	at org.testng.internal.TestMethodWorker.run(TestMethodWorker.java:104)
	at org.testng.TestRunner.privateRun(TestRunner.java:774)
	at org.testng.TestRunner.run(TestRunner.java:624)
	at org.testng.SuiteRunner.runTest(SuiteRunner.java:359)
	at org.testng.SuiteRunner.runSequentially(SuiteRunner.java:354)
	at org.testng.SuiteRunner.privateRun(SuiteRunner.java:312)
	at org.testng.SuiteRunner.run(SuiteRunner.java:261)
	at org.testng.SuiteRunnerWorker.runSuite(SuiteRunnerWorker.java:52)
	at org.testng.SuiteRunnerWorker.run(SuiteRunnerWorker.java:86)
	at org.testng.TestNG.runSuitesSequentially(TestNG.java:1215)
	at org.testng.TestNG.runSuitesLocally(TestNG.java:1140)
	at org.testng.TestNG.run(TestNG.java:1048)
	at org.testng.remote.RemoteTestNG.run(RemoteTestNG.java:112)
	at org.testng.remote.RemoteTestNG.initAndRun(RemoteTestNG.java:205)
	at org.testng.remote.RemoteTestNG.main(RemoteTestNG.java:176)
Caused by: org.openqa.selenium.firefox.NotConnectedException: Unable to connect to host 127.0.0.1 on port 7055 after 45000 ms. Firefox console output:
ibutors"]},"visible":true,"active":true,"userDisabled":false,"appDisabled":false,"descriptor":"C:\\Program Files (x86)\\Mozilla Firefox\\browser\\extensions\\{972ce4c6-7e08-4474-a285-3208198ce6fd}.xpi","installDate":1463514775232,"updateDate":1463514775232,"applyBackgroundUpdates":1,"skinnable":true,"size":22012,"sourceURI":null,"releaseNotesURI":null,"softDisabled":false,"foreignInstall":false,"hasBinaryComponents":false,"strictCompatibility":true,"locales":[],"targetApplications":[{"id":"{ec8030f7-c20a-464f-9b0e-13a3a9e97384}","minVersion":"46.0.1","maxVersion":"46.0.1"}],"targetPlatforms":[],"seen":true}
1463594689198	addons.xpi	DEBUG	getModTime: Recursive scan of {972ce4c6-7e08-4474-a285-3208198ce6fd}
1463594689199	DeferredSave.extensions.json	DEBUG	Save changes
1463594689199	addons.xpi	DEBUG	Updating database with changes to installed add-ons
1463594689200	addons.xpi-utils	DEBUG	Updating add-on states
1463594689201	addons.xpi-utils	DEBUG	Writing add-ons list
1463594689207	addons.xpi	DEBUG	Registering manifest for C:\Program Files (x86)\Mozilla Firefox\browser\features\e10srollout@mozilla.org.xpi
1463594689208	addons.xpi	DEBUG	Calling bootstrap method startup on e10srollout@mozilla.org version 1.0
1463594689208	addons.xpi	DEBUG	Registering manifest for C:\Program Files (x86)\Mozilla Firefox\browser\features\firefox@getpocket.com.xpi
1463594689209	addons.xpi	DEBUG	Calling bootstrap method startup on firefox@getpocket.com version 1.0
1463594689211	addons.xpi	DEBUG	Registering manifest for C:\Program Files (x86)\Mozilla Firefox\browser\features\loop@mozilla.org.xpi
1463594689212	addons.xpi	DEBUG	Calling bootstrap method startup on loop@mozilla.org version 1.2.6
1463594689239	addons.xpi	DEBUG	Registering manifest for C:\Program Files (x86)\Mozilla Firefox\browser\extensions\{82AF8DCA-6DE9-405D-BD5E-43525BDAD38A}.xpi
1463594689240	addons.xpi	DEBUG	Calling bootstrap method startup on {82AF8DCA-6DE9-405D-BD5E-43525BDAD38A} version 8.1.0.9134
1463594689244	addons.manager	DEBUG	Registering shutdown blocker for XPIProvider
1463594689244	addons.manager	DEBUG	Provider finished startup: XPIProvider
1463594689244	addons.manager	DEBUG	Starting provider: LightweightThemeManager
1463594689245	addons.manager	DEBUG	Registering shutdown blocker for LightweightThemeManager
1463594689245	addons.manager	DEBUG	Provider finished startup: LightweightThemeManager
1463594689245	addons.manager	DEBUG	Starting provider: GMPProvider
1463594689254	addons.manager	DEBUG	Registering shutdown blocker for GMPProvider
1463594689254	addons.manager	DEBUG	Provider finished startup: GMPProvider
1463594689254	addons.manager	DEBUG	Starting provider: PluginProvider
1463594689254	addons.manager	DEBUG	Registering shutdown blocker for PluginProvider
1463594689255	addons.manager	DEBUG	Provider finished startup: PluginProvider
1463594689255	addons.manager	DEBUG	Completed startup sequence
1463594691349	addons.manager	DEBUG	Starting provider: <unnamed-provider>
1463594691349	addons.manager	DEBUG	Registering shutdown blocker for <unnamed-provider>
1463594691350	addons.manager	DEBUG	Provider finished startup: <unnamed-provider>
1463594691978	DeferredSave.extensions.json	DEBUG	Write succeeded
1463594691978	addons.xpi-utils	DEBUG	XPI Database saved, setting schema version preference to 17
1463594691978	DeferredSave.extensions.json	DEBUG	Starting timer
1463594692008	DeferredSave.extensions.json	DEBUG	Starting write
1463594692035	addons.repository	DEBUG	No addons.json found.
1463594692035	DeferredSave.addons.json	DEBUG	Save changes
1463594692039	DeferredSave.addons.json	DEBUG	Starting timer
1463594692092	addons.manager	DEBUG	Starting provider: PreviousExperimentProvider
1463594692092	addons.manager	DEBUG	Registering shutdown blocker for PreviousExperimentProvider
1463594692092	addons.manager	DEBUG	Provider finished startup: PreviousExperimentProvider
1463594692101	DeferredSave.addons.json	DEBUG	Starting write
1463594692122	DeferredSave.extensions.json	DEBUG	Write succeeded
1463594692193	DeferredSave.addons.json	DEBUG	Write succeeded

	at org.openqa.selenium.firefox.internal.NewProfileExtensionConnection.start(NewProfileExtensionConnection.java:123)
	... 32 more
]]>
    </error>
  </testcase> <!-- postearTexto -->
</testsuite> <!-- go5.automation.social.MuroSocialAC -->
