<?xml version="1.0" encoding="UTF-8"?>
<!-- Generated by org.testng.reporters.JUnitReportReporter -->
<testsuite hostname="Cristina" name="go5.automation.social.MuroSocialBS" tests="1" failures="0" timestamp="2 Jun 2016 17:26:27 GMT" time="43.410" errors="0">
  <testcase name="postearLikearComentar" time="43.410" classname="go5.automation.social.MuroSocialBS"/>
</testsuite> <!-- go5.automation.social.MuroSocialBS -->
