<?xml version="1.0" encoding="UTF-8"?>
<!-- Generated by org.testng.reporters.JUnitReportReporter -->
<testsuite hostname="Cristina" name="go5.automation.people.CopyOfPeopleTest" tests="1" failures="0" timestamp="29 Jan 2016 18:55:38 GMT" time="10.019" errors="0">
  <testcase name="editConfig" time="10.019" classname="go5.automation.people.CopyOfPeopleTest"/>
</testsuite> <!-- go5.automation.people.CopyOfPeopleTest -->
