<?xml version="1.0" encoding="UTF-8"?>
<!-- Generated by org.testng.reporters.JUnitReportReporter -->
<testsuite hostname="Cristina" name="go5.automation.people.PeopleTest" tests="1" failures="0" timestamp="29 Jan 2016 18:46:41 GMT" time="5.977" errors="0">
  <testcase name="editConfig" time="5.977" classname="go5.automation.people.PeopleTest"/>
</testsuite> <!-- go5.automation.people.PeopleTest -->
